==23704== Memcheck, a memory error detector
==23704== Copyright (C) 2002-2013, and GNU GPL'd, by Julian Seward et al.
==23704== Using Valgrind-3.10.1 and LibVEX; rerun with -h for copyright info
==23704== Command: ./rlg327
==23704== Parent PID: 1299
==23704== 
==23704== 
==23704== HEAP SUMMARY:
==23704==     in use at exit: 138,473 bytes in 329 blocks
==23704==   total heap usage: 126,431 allocs, 126,102 frees, 6,035,222 bytes allocated
==23704== 
==23704== 6 bytes in 1 blocks are still reachable in loss record 1 of 36
==23704==    at 0x4C2AADD: malloc (vg_replace_malloc.c:296)
==23704==    by 0x59A6B99: strdup (in /lib64/libc-2.17.so)
==23704==    by 0x4E634E1: _nc_setupterm (in /lib64/libncurses.so.5.9)
==23704==    by 0x4E51D69: newterm (in /lib64/libncurses.so.5.9)
==23704==    by 0x4E4EB82: initscr (in /lib64/libncurses.so.5.9)
==23704==    by 0x40E38C: io_init_terminal (io.c:27)
==23704==    by 0x401EDE: main (rlg327.c:201)
==23704== 
==23704== 8 bytes in 1 blocks are still reachable in loss record 2 of 36
==23704==    at 0x4C2C854: calloc (vg_replace_malloc.c:623)
==23704==    by 0x4E546B5: _nc_setupscreen (in /lib64/libncurses.so.5.9)
==23704==    by 0x4E51DAD: newterm (in /lib64/libncurses.so.5.9)
==23704==    by 0x4E4EB82: initscr (in /lib64/libncurses.so.5.9)
==23704==    by 0x40E38C: io_init_terminal (io.c:27)
==23704==    by 0x401EDE: main (rlg327.c:201)
==23704== 
==23704== 15 bytes in 1 blocks are still reachable in loss record 3 of 36
==23704==    at 0x4C2AADD: malloc (vg_replace_malloc.c:296)
==23704==    by 0x59A6B99: strdup (in /lib64/libc-2.17.so)
==23704==    by 0x4E60AC3: ??? (in /lib64/libncurses.so.5.9)
==23704==    by 0x4E60D8E: _nc_first_db (in /lib64/libncurses.so.5.9)
==23704==    by 0x4E68FAC: _nc_read_entry (in /lib64/libncurses.so.5.9)
==23704==    by 0x4E63165: _nc_setup_tinfo (in /lib64/libncurses.so.5.9)
==23704==    by 0x4E63491: _nc_setupterm (in /lib64/libncurses.so.5.9)
==23704==    by 0x4E51D69: newterm (in /lib64/libncurses.so.5.9)
==23704==    by 0x4E4EB82: initscr (in /lib64/libncurses.so.5.9)
==23704==    by 0x40E38C: io_init_terminal (io.c:27)
==23704==    by 0x401EDE: main (rlg327.c:201)
==23704== 
==23704== 24 bytes in 1 blocks are still reachable in loss record 4 of 36
==23704==    at 0x4C2C854: calloc (vg_replace_malloc.c:623)
==23704==    by 0x4E5F023: _nc_add_to_try (in /lib64/libncurses.so.5.9)
==23704==    by 0x4E615A3: _nc_init_keytry (in /lib64/libncurses.so.5.9)
==23704==    by 0x4E62633: _nc_keypad (in /lib64/libncurses.so.5.9)
==23704==    by 0x40E3B4: io_init_terminal (io.c:31)
==23704==    by 0x401EDE: main (rlg327.c:201)
==23704== 
==23704== 27 bytes in 1 blocks are still reachable in loss record 5 of 36
==23704==    at 0x4C2AADD: malloc (vg_replace_malloc.c:296)
==23704==    by 0x4E61504: _nc_home_terminfo (in /lib64/libncurses.so.5.9)
==23704==    by 0x4E60D78: _nc_first_db (in /lib64/libncurses.so.5.9)
==23704==    by 0x4E68FAC: _nc_read_entry (in /lib64/libncurses.so.5.9)
==23704==    by 0x4E63165: _nc_setup_tinfo (in /lib64/libncurses.so.5.9)
==23704==    by 0x4E63491: _nc_setupterm (in /lib64/libncurses.so.5.9)
==23704==    by 0x4E51D69: newterm (in /lib64/libncurses.so.5.9)
==23704==    by 0x4E4EB82: initscr (in /lib64/libncurses.so.5.9)
==23704==    by 0x40E38C: io_init_terminal (io.c:27)
==23704==    by 0x401EDE: main (rlg327.c:201)
==23704== 
==23704== 32 bytes in 1 blocks are still reachable in loss record 6 of 36
==23704==    at 0x4C2C854: calloc (vg_replace_malloc.c:623)
==23704==    by 0x4E60E73: _nc_first_db (in /lib64/libncurses.so.5.9)
==23704==    by 0x4E68FAC: _nc_read_entry (in /lib64/libncurses.so.5.9)
==23704==    by 0x4E63165: _nc_setup_tinfo (in /lib64/libncurses.so.5.9)
==23704==    by 0x4E63491: _nc_setupterm (in /lib64/libncurses.so.5.9)
==23704==    by 0x4E51D69: newterm (in /lib64/libncurses.so.5.9)
==23704==    by 0x4E4EB82: initscr (in /lib64/libncurses.so.5.9)
==23704==    by 0x40E38C: io_init_terminal (io.c:27)
==23704==    by 0x401EDE: main (rlg327.c:201)
==23704== 
==23704== 46 bytes in 1 blocks are still reachable in loss record 7 of 36
==23704==    at 0x4C2CA2A: realloc (vg_replace_malloc.c:692)
==23704==    by 0x4E611B2: _nc_doalloc (in /lib64/libncurses.so.5.9)
==23704==    by 0x4E68B96: _nc_read_termtype (in /lib64/libncurses.so.5.9)
==23704==    by 0x4E68EAF: _nc_read_file_entry (in /lib64/libncurses.so.5.9)
==23704==    by 0x4E6900B: _nc_read_entry (in /lib64/libncurses.so.5.9)
==23704==    by 0x4E63165: _nc_setup_tinfo (in /lib64/libncurses.so.5.9)
==23704==    by 0x4E63491: _nc_setupterm (in /lib64/libncurses.so.5.9)
==23704==    by 0x4E51D69: newterm (in /lib64/libncurses.so.5.9)
==23704==    by 0x4E4EB82: initscr (in /lib64/libncurses.so.5.9)
==23704==    by 0x40E38C: io_init_terminal (io.c:27)
==23704==    by 0x401EDE: main (rlg327.c:201)
==23704== 
==23704== 66 bytes in 1 blocks are still reachable in loss record 8 of 36
==23704==    at 0x4C2CA2A: realloc (vg_replace_malloc.c:692)
==23704==    by 0x4E611B2: _nc_doalloc (in /lib64/libncurses.so.5.9)
==23704==    by 0x4E65CE7: tparm (in /lib64/libncurses.so.5.9)
==23704==    by 0x4E517CE: _nc_mvcur_init (in /lib64/libncurses.so.5.9)
==23704==    by 0x4E51EF5: newterm (in /lib64/libncurses.so.5.9)
==23704==    by 0x4E4EB82: initscr (in /lib64/libncurses.so.5.9)
==23704==    by 0x40E38C: io_init_terminal (io.c:27)
==23704==    by 0x401EDE: main (rlg327.c:201)
==23704== 
==23704== 74 bytes in 1 blocks are still reachable in loss record 9 of 36
==23704==    at 0x4C2AADD: malloc (vg_replace_malloc.c:296)
==23704==    by 0x4E60DDB: _nc_first_db (in /lib64/libncurses.so.5.9)
==23704==    by 0x4E68FAC: _nc_read_entry (in /lib64/libncurses.so.5.9)
==23704==    by 0x4E63165: _nc_setup_tinfo (in /lib64/libncurses.so.5.9)
==23704==    by 0x4E63491: _nc_setupterm (in /lib64/libncurses.so.5.9)
==23704==    by 0x4E51D69: newterm (in /lib64/libncurses.so.5.9)
==23704==    by 0x4E4EB82: initscr (in /lib64/libncurses.so.5.9)
==23704==    by 0x40E38C: io_init_terminal (io.c:27)
==23704==    by 0x401EDE: main (rlg327.c:201)
==23704== 
==23704== 80 bytes in 1 blocks are still reachable in loss record 10 of 36
==23704==    at 0x4C2CA2A: realloc (vg_replace_malloc.c:692)
==23704==    by 0x4E611B2: _nc_doalloc (in /lib64/libncurses.so.5.9)
==23704==    by 0x4E68BB3: _nc_read_termtype (in /lib64/libncurses.so.5.9)
==23704==    by 0x4E68EAF: _nc_read_file_entry (in /lib64/libncurses.so.5.9)
==23704==    by 0x4E6900B: _nc_read_entry (in /lib64/libncurses.so.5.9)
==23704==    by 0x4E63165: _nc_setup_tinfo (in /lib64/libncurses.so.5.9)
==23704==    by 0x4E63491: _nc_setupterm (in /lib64/libncurses.so.5.9)
==23704==    by 0x4E51D69: newterm (in /lib64/libncurses.so.5.9)
==23704==    by 0x4E4EB82: initscr (in /lib64/libncurses.so.5.9)
==23704==    by 0x40E38C: io_init_terminal (io.c:27)
==23704==    by 0x401EDE: main (rlg327.c:201)
==23704== 
==23704== 101 bytes in 1 blocks are still reachable in loss record 11 of 36
==23704==    at 0x4C2CA2A: realloc (vg_replace_malloc.c:692)
==23704==    by 0x4E611B2: _nc_doalloc (in /lib64/libncurses.so.5.9)
==23704==    by 0x4E645FE: _nc_tparm_analyze (in /lib64/libncurses.so.5.9)
==23704==    by 0x4E6487B: tparm (in /lib64/libncurses.so.5.9)
==23704==    by 0x4E567BB: vidputs (in /lib64/libncurses.so.5.9)
==23704==    by 0x4E5AFDF: ??? (in /lib64/libncurses.so.5.9)
==23704==    by 0x4E5C393: ??? (in /lib64/libncurses.so.5.9)
==23704==    by 0x4E5D369: doupdate (in /lib64/libncurses.so.5.9)
==23704==    by 0x4E53678: wrefresh (in /lib64/libncurses.so.5.9)
==23704==    by 0x40F170: io_display (io.c:249)
==23704==    by 0x401F65: main (rlg327.c:215)
==23704== 
==23704== 112 bytes in 1 blocks are still reachable in loss record 12 of 36
==23704==    at 0x4C2C854: calloc (vg_replace_malloc.c:623)
==23704==    by 0x4E5238D: _nc_makenew (in /lib64/libncurses.so.5.9)
==23704==    by 0x4E525F3: newwin (in /lib64/libncurses.so.5.9)
==23704==    by 0x4E54AA7: _nc_setupscreen (in /lib64/libncurses.so.5.9)
==23704==    by 0x4E51DAD: newterm (in /lib64/libncurses.so.5.9)
==23704==    by 0x4E4EB82: initscr (in /lib64/libncurses.so.5.9)
==23704==    by 0x40E38C: io_init_terminal (io.c:27)
==23704==    by 0x401EDE: main (rlg327.c:201)
==23704== 
==23704== 112 bytes in 1 blocks are still reachable in loss record 13 of 36
==23704==    at 0x4C2C854: calloc (vg_replace_malloc.c:623)
==23704==    by 0x4E5238D: _nc_makenew (in /lib64/libncurses.so.5.9)
==23704==    by 0x4E525F3: newwin (in /lib64/libncurses.so.5.9)
==23704==    by 0x4E54AC8: _nc_setupscreen (in /lib64/libncurses.so.5.9)
==23704==    by 0x4E51DAD: newterm (in /lib64/libncurses.so.5.9)
==23704==    by 0x4E4EB82: initscr (in /lib64/libncurses.so.5.9)
==23704==    by 0x40E38C: io_init_terminal (io.c:27)
==23704==    by 0x401EDE: main (rlg327.c:201)
==23704== 
==23704== 112 bytes in 1 blocks are still reachable in loss record 14 of 36
==23704==    at 0x4C2C854: calloc (vg_replace_malloc.c:623)
==23704==    by 0x4E5238D: _nc_makenew (in /lib64/libncurses.so.5.9)
==23704==    by 0x4E525F3: newwin (in /lib64/libncurses.so.5.9)
==23704==    by 0x4E54C24: _nc_setupscreen (in /lib64/libncurses.so.5.9)
==23704==    by 0x4E51DAD: newterm (in /lib64/libncurses.so.5.9)
==23704==    by 0x4E4EB82: initscr (in /lib64/libncurses.so.5.9)
==23704==    by 0x40E38C: io_init_terminal (io.c:27)
==23704==    by 0x401EDE: main (rlg327.c:201)
==23704== 
==23704== 128 bytes in 1 blocks are still reachable in loss record 15 of 36
==23704==    at 0x4C2C854: calloc (vg_replace_malloc.c:623)
==23704==    by 0x4E54682: _nc_setupscreen (in /lib64/libncurses.so.5.9)
==23704==    by 0x4E51DAD: newterm (in /lib64/libncurses.so.5.9)
==23704==    by 0x4E4EB82: initscr (in /lib64/libncurses.so.5.9)
==23704==    by 0x40E38C: io_init_terminal (io.c:27)
==23704==    by 0x401EDE: main (rlg327.c:201)
==23704== 
==23704== 128 bytes in 1 blocks are still reachable in loss record 16 of 36
==23704==    at 0x4C2C854: calloc (vg_replace_malloc.c:623)
==23704==    by 0x4E4B173: start_color (in /lib64/libncurses.so.5.9)
==23704==    by 0x40E3B9: io_init_terminal (io.c:32)
==23704==    by 0x401EDE: main (rlg327.c:201)
==23704== 
==23704== 208 bytes in 1 blocks are still reachable in loss record 17 of 36
==23704==    at 0x4C2C854: calloc (vg_replace_malloc.c:623)
==23704==    by 0x4E6347A: _nc_setupterm (in /lib64/libncurses.so.5.9)
==23704==    by 0x4E51D69: newterm (in /lib64/libncurses.so.5.9)
==23704==    by 0x4E4EB82: initscr (in /lib64/libncurses.so.5.9)
==23704==    by 0x40E38C: io_init_terminal (io.c:27)
==23704==    by 0x401EDE: main (rlg327.c:201)
==23704== 
==23704== 324 bytes in 1 blocks are still reachable in loss record 18 of 36
==23704==    at 0x4C2C854: calloc (vg_replace_malloc.c:623)
==23704==    by 0x4E4B153: start_color (in /lib64/libncurses.so.5.9)
==23704==    by 0x40E3B9: io_init_terminal (io.c:32)
==23704==    by 0x401EDE: main (rlg327.c:201)
==23704== 
==23704== 384 bytes in 1 blocks are still reachable in loss record 19 of 36
==23704==    at 0x4C2C854: calloc (vg_replace_malloc.c:623)
==23704==    by 0x4E523B8: _nc_makenew (in /lib64/libncurses.so.5.9)
==23704==    by 0x4E525F3: newwin (in /lib64/libncurses.so.5.9)
==23704==    by 0x4E54AA7: _nc_setupscreen (in /lib64/libncurses.so.5.9)
==23704==    by 0x4E51DAD: newterm (in /lib64/libncurses.so.5.9)
==23704==    by 0x4E4EB82: initscr (in /lib64/libncurses.so.5.9)
==23704==    by 0x40E38C: io_init_terminal (io.c:27)
==23704==    by 0x401EDE: main (rlg327.c:201)
==23704== 
==23704== 384 bytes in 1 blocks are still reachable in loss record 20 of 36
==23704==    at 0x4C2C854: calloc (vg_replace_malloc.c:623)
==23704==    by 0x4E523B8: _nc_makenew (in /lib64/libncurses.so.5.9)
==23704==    by 0x4E525F3: newwin (in /lib64/libncurses.so.5.9)
==23704==    by 0x4E54AC8: _nc_setupscreen (in /lib64/libncurses.so.5.9)
==23704==    by 0x4E51DAD: newterm (in /lib64/libncurses.so.5.9)
==23704==    by 0x4E4EB82: initscr (in /lib64/libncurses.so.5.9)
==23704==    by 0x40E38C: io_init_terminal (io.c:27)
==23704==    by 0x401EDE: main (rlg327.c:201)
==23704== 
==23704== 384 bytes in 1 blocks are still reachable in loss record 21 of 36
==23704==    at 0x4C2C854: calloc (vg_replace_malloc.c:623)
==23704==    by 0x4E523B8: _nc_makenew (in /lib64/libncurses.so.5.9)
==23704==    by 0x4E525F3: newwin (in /lib64/libncurses.so.5.9)
==23704==    by 0x4E54C24: _nc_setupscreen (in /lib64/libncurses.so.5.9)
==23704==    by 0x4E51DAD: newterm (in /lib64/libncurses.so.5.9)
==23704==    by 0x4E4EB82: initscr (in /lib64/libncurses.so.5.9)
==23704==    by 0x40E38C: io_init_terminal (io.c:27)
==23704==    by 0x401EDE: main (rlg327.c:201)
==23704== 
==23704== 504 bytes in 21 blocks are still reachable in loss record 22 of 36
==23704==    at 0x4C2C854: calloc (vg_replace_malloc.c:623)
==23704==    by 0x4E5EF65: _nc_add_to_try (in /lib64/libncurses.so.5.9)
==23704==    by 0x4E61658: _nc_init_keytry (in /lib64/libncurses.so.5.9)
==23704==    by 0x4E62633: _nc_keypad (in /lib64/libncurses.so.5.9)
==23704==    by 0x40E3B4: io_init_terminal (io.c:31)
==23704==    by 0x401EDE: main (rlg327.c:201)
==23704== 
==23704== 528 bytes in 1 blocks are still reachable in loss record 23 of 36
==23704==    at 0x4C2C854: calloc (vg_replace_malloc.c:623)
==23704==    by 0x4E68C94: _nc_read_termtype (in /lib64/libncurses.so.5.9)
==23704==    by 0x4E68EAF: _nc_read_file_entry (in /lib64/libncurses.so.5.9)
==23704==    by 0x4E6900B: _nc_read_entry (in /lib64/libncurses.so.5.9)
==23704==    by 0x4E63165: _nc_setup_tinfo (in /lib64/libncurses.so.5.9)
==23704==    by 0x4E63491: _nc_setupterm (in /lib64/libncurses.so.5.9)
==23704==    by 0x4E51D69: newterm (in /lib64/libncurses.so.5.9)
==23704==    by 0x4E4EB82: initscr (in /lib64/libncurses.so.5.9)
==23704==    by 0x40E38C: io_init_terminal (io.c:27)
==23704==    by 0x401EDE: main (rlg327.c:201)
==23704== 
==23704== 757 bytes in 1 blocks are still reachable in loss record 24 of 36
==23704==    at 0x4C2AADD: malloc (vg_replace_malloc.c:296)
==23704==    by 0x4E68DB1: _nc_read_termtype (in /lib64/libncurses.so.5.9)
==23704==    by 0x4E68EAF: _nc_read_file_entry (in /lib64/libncurses.so.5.9)
==23704==    by 0x4E6900B: _nc_read_entry (in /lib64/libncurses.so.5.9)
==23704==    by 0x4E63165: _nc_setup_tinfo (in /lib64/libncurses.so.5.9)
==23704==    by 0x4E63491: _nc_setupterm (in /lib64/libncurses.so.5.9)
==23704==    by 0x4E51D69: newterm (in /lib64/libncurses.so.5.9)
==23704==    by 0x4E4EB82: initscr (in /lib64/libncurses.so.5.9)
==23704==    by 0x40E38C: io_init_terminal (io.c:27)
==23704==    by 0x401EDE: main (rlg327.c:201)
==23704== 
==23704== 1,024 bytes in 1 blocks are still reachable in loss record 25 of 36
==23704==    at 0x4C2C854: calloc (vg_replace_malloc.c:623)
==23704==    by 0x4E54663: _nc_setupscreen (in /lib64/libncurses.so.5.9)
==23704==    by 0x4E51DAD: newterm (in /lib64/libncurses.so.5.9)
==23704==    by 0x4E4EB82: initscr (in /lib64/libncurses.so.5.9)
==23704==    by 0x40E38C: io_init_terminal (io.c:27)
==23704==    by 0x401EDE: main (rlg327.c:201)
==23704== 
==23704== 1,200 bytes in 50 blocks are still reachable in loss record 26 of 36
==23704==    at 0x4C2C854: calloc (vg_replace_malloc.c:623)
==23704==    by 0x4E5EFBE: _nc_add_to_try (in /lib64/libncurses.so.5.9)
==23704==    by 0x4E61658: _nc_init_keytry (in /lib64/libncurses.so.5.9)
==23704==    by 0x4E62633: _nc_keypad (in /lib64/libncurses.so.5.9)
==23704==    by 0x40E3B4: io_init_terminal (io.c:31)
==23704==    by 0x401EDE: main (rlg327.c:201)
==23704== 
==23704== 1,437 bytes in 1 blocks are still reachable in loss record 27 of 36
==23704==    at 0x4C2AADD: malloc (vg_replace_malloc.c:296)
==23704==    by 0x4E686D8: _nc_read_termtype (in /lib64/libncurses.so.5.9)
==23704==    by 0x4E68EAF: _nc_read_file_entry (in /lib64/libncurses.so.5.9)
==23704==    by 0x4E6900B: _nc_read_entry (in /lib64/libncurses.so.5.9)
==23704==    by 0x4E63165: _nc_setup_tinfo (in /lib64/libncurses.so.5.9)
==23704==    by 0x4E63491: _nc_setupterm (in /lib64/libncurses.so.5.9)
==23704==    by 0x4E51D69: newterm (in /lib64/libncurses.so.5.9)
==23704==    by 0x4E4EB82: initscr (in /lib64/libncurses.so.5.9)
==23704==    by 0x40E38C: io_init_terminal (io.c:27)
==23704==    by 0x401EDE: main (rlg327.c:201)
==23704== 
==23704== 1,664 bytes in 1 blocks are still reachable in loss record 28 of 36
==23704==    at 0x4C2C854: calloc (vg_replace_malloc.c:623)
==23704==    by 0x4E5463E: _nc_setupscreen (in /lib64/libncurses.so.5.9)
==23704==    by 0x4E51DAD: newterm (in /lib64/libncurses.so.5.9)
==23704==    by 0x4E4EB82: initscr (in /lib64/libncurses.so.5.9)
==23704==    by 0x40E38C: io_init_terminal (io.c:27)
==23704==    by 0x401EDE: main (rlg327.c:201)
==23704== 
==23704== 1,680 bytes in 70 blocks are still reachable in loss record 29 of 36
==23704==    at 0x4C2C854: calloc (vg_replace_malloc.c:623)
==23704==    by 0x4E5EF65: _nc_add_to_try (in /lib64/libncurses.so.5.9)
==23704==    by 0x4E615A3: _nc_init_keytry (in /lib64/libncurses.so.5.9)
==23704==    by 0x4E62633: _nc_keypad (in /lib64/libncurses.so.5.9)
==23704==    by 0x40E3B4: io_init_terminal (io.c:31)
==23704==    by 0x401EDE: main (rlg327.c:201)
==23704== 
==23704== 2,088 bytes in 87 blocks are still reachable in loss record 30 of 36
==23704==    at 0x4C2C854: calloc (vg_replace_malloc.c:623)
==23704==    by 0x4E5EFBE: _nc_add_to_try (in /lib64/libncurses.so.5.9)
==23704==    by 0x4E615A3: _nc_init_keytry (in /lib64/libncurses.so.5.9)
==23704==    by 0x4E62633: _nc_keypad (in /lib64/libncurses.so.5.9)
==23704==    by 0x40E3B4: io_init_terminal (io.c:31)
==23704==    by 0x401EDE: main (rlg327.c:201)
==23704== 
==23704== 2,236 bytes in 1 blocks are still reachable in loss record 31 of 36
==23704==    at 0x4C2AADD: malloc (vg_replace_malloc.c:296)
==23704==    by 0x4E54774: _nc_setupscreen (in /lib64/libncurses.so.5.9)
==23704==    by 0x4E51DAD: newterm (in /lib64/libncurses.so.5.9)
==23704==    by 0x4E4EB82: initscr (in /lib64/libncurses.so.5.9)
==23704==    by 0x40E38C: io_init_terminal (io.c:27)
==23704==    by 0x401EDE: main (rlg327.c:201)
==23704== 
==23704== 3,816 bytes in 1 blocks are still reachable in loss record 32 of 36
==23704==    at 0x4C2CA2A: realloc (vg_replace_malloc.c:692)
==23704==    by 0x4E611B2: _nc_doalloc (in /lib64/libncurses.so.5.9)
==23704==    by 0x4E68BD1: _nc_read_termtype (in /lib64/libncurses.so.5.9)
==23704==    by 0x4E68EAF: _nc_read_file_entry (in /lib64/libncurses.so.5.9)
==23704==    by 0x4E6900B: _nc_read_entry (in /lib64/libncurses.so.5.9)
==23704==    by 0x4E63165: _nc_setup_tinfo (in /lib64/libncurses.so.5.9)
==23704==    by 0x4E63491: _nc_setupterm (in /lib64/libncurses.so.5.9)
==23704==    by 0x4E51D69: newterm (in /lib64/libncurses.so.5.9)
==23704==    by 0x4E4EB82: initscr (in /lib64/libncurses.so.5.9)
==23704==    by 0x40E38C: io_init_terminal (io.c:27)
==23704==    by 0x401EDE: main (rlg327.c:201)
==23704== 
==23704== 15,360 bytes in 24 blocks are still reachable in loss record 33 of 36
==23704==    at 0x4C2C854: calloc (vg_replace_malloc.c:623)
==23704==    by 0x4E5262C: newwin (in /lib64/libncurses.so.5.9)
==23704==    by 0x4E54AA7: _nc_setupscreen (in /lib64/libncurses.so.5.9)
==23704==    by 0x4E51DAD: newterm (in /lib64/libncurses.so.5.9)
==23704==    by 0x4E4EB82: initscr (in /lib64/libncurses.so.5.9)
==23704==    by 0x40E38C: io_init_terminal (io.c:27)
==23704==    by 0x401EDE: main (rlg327.c:201)
==23704== 
==23704== 15,360 bytes in 24 blocks are still reachable in loss record 34 of 36
==23704==    at 0x4C2C854: calloc (vg_replace_malloc.c:623)
==23704==    by 0x4E5262C: newwin (in /lib64/libncurses.so.5.9)
==23704==    by 0x4E54AC8: _nc_setupscreen (in /lib64/libncurses.so.5.9)
==23704==    by 0x4E51DAD: newterm (in /lib64/libncurses.so.5.9)
==23704==    by 0x4E4EB82: initscr (in /lib64/libncurses.so.5.9)
==23704==    by 0x40E38C: io_init_terminal (io.c:27)
==23704==    by 0x401EDE: main (rlg327.c:201)
==23704== 
==23704== 15,360 bytes in 24 blocks are still reachable in loss record 35 of 36
==23704==    at 0x4C2C854: calloc (vg_replace_malloc.c:623)
==23704==    by 0x4E5262C: newwin (in /lib64/libncurses.so.5.9)
==23704==    by 0x4E54C24: _nc_setupscreen (in /lib64/libncurses.so.5.9)
==23704==    by 0x4E51DAD: newterm (in /lib64/libncurses.so.5.9)
==23704==    by 0x4E4EB82: initscr (in /lib64/libncurses.so.5.9)
==23704==    by 0x40E38C: io_init_terminal (io.c:27)
==23704==    by 0x401EDE: main (rlg327.c:201)
==23704== 
==23704== 72,704 bytes in 1 blocks are still reachable in loss record 36 of 36
==23704==    at 0x4C2AADD: malloc (vg_replace_malloc.c:296)
==23704==    by 0x511414F: pool (eh_alloc.cc:117)
==23704==    by 0x511414F: __static_initialization_and_destruction_0 (eh_alloc.cc:244)
==23704==    by 0x511414F: _GLOBAL__sub_I_eh_alloc.cc (eh_alloc.cc:307)
==23704==    by 0x51B9135: ??? (in /usr/local/gcc-5.3.0/lib64/libstdc++.so.6.0.21)
==23704==    by 0x5110CC6: ??? (in /usr/local/gcc-5.3.0/lib64/libstdc++.so.6.0.21)
==23704== 
==23704== LEAK SUMMARY:
==23704==    definitely lost: 0 bytes in 0 blocks
==23704==    indirectly lost: 0 bytes in 0 blocks
==23704==      possibly lost: 0 bytes in 0 blocks
==23704==    still reachable: 138,473 bytes in 329 blocks
==23704==         suppressed: 0 bytes in 0 blocks
==23704== 
==23704== For counts of detected and suppressed errors, rerun with: -v
==23704== ERROR SUMMARY: 0 errors from 0 contexts (suppressed: 0 from 0)
